Flow report for dlx_de2_115
Tue Jul 22 15:13:27 2014
Quartus II 32-bit Version 13.1.0 Build 162 10/23/2013 SJ Full Version


---------------------
; Table of Contents ;
---------------------
  1. Legal Notice
  2. Flow Summary
  3. Flow Settings
  4. Flow Non-Default Global Settings
  5. Flow Elapsed Time
  6. Flow OS Summary
  7. Flow Log
  8. Flow Messages
  9. Flow Suppressed Messages



----------------
; Legal Notice ;
----------------
Copyright (C) 1991-2013 Altera Corporation
Your use of Altera Corporation's design tools, logic functions 
and other software and tools, and its AMPP partner logic 
functions, and any output files from any of the foregoing 
(including device programming or simulation files), and any 
associated documentation or information are expressly subject 
to the terms and conditions of the Altera Program License 
Subscription Agreement, Altera MegaCore Function License 
Agreement, or other applicable license agreement, including, 
without limitation, that your use is for the sole purpose of 
programming logic devices manufactured by Altera and sold by 
Altera or its authorized distributors.  Please refer to the 
applicable agreement for further details.



+----------------------------------------------------------------------------------+
; Flow Summary                                                                     ;
+------------------------------------+---------------------------------------------+
; Flow Status                        ; Successful - Tue Jul 22 15:13:15 2014       ;
; Quartus II 32-bit Version          ; 13.1.0 Build 162 10/23/2013 SJ Full Version ;
; Revision Name                      ; dlx_de2_115                                 ;
; Top-level Entity Name              ; dlx_de2_115                                 ;
; Family                             ; Cyclone IV E                                ;
; Device                             ; EP4CE115F29C7                               ;
; Timing Models                      ; Final                                       ;
; Total logic elements               ; 4,069 / 114,480 ( 4 % )                     ;
;     Total combinational functions  ; 3,695 / 114,480 ( 3 % )                     ;
;     Dedicated logic registers      ; 1,685 / 114,480 ( 1 % )                     ;
; Total registers                    ; 1685                                        ;
; Total pins                         ; 254 / 529 ( 48 % )                          ;
; Total virtual pins                 ; 0                                           ;
; Total memory bits                  ; 0 / 3,981,312 ( 0 % )                       ;
; Embedded Multiplier 9-bit elements ; 6 / 532 ( 1 % )                             ;
; Total PLLs                         ; 2 / 4 ( 50 % )                              ;
+------------------------------------+---------------------------------------------+


+-----------------------------------------+
; Flow Settings                           ;
+-------------------+---------------------+
; Option            ; Setting             ;
+-------------------+---------------------+
; Start date & time ; 07/22/2014 15:11:48 ;
; Main task         ; Compilation         ;
; Revision Name     ; dlx_de2_115         ;
+-------------------+---------------------+


+-------------------------------------------------------------------------------------------------------------------------------------------------------------------------+
; Flow Non-Default Global Settings                                                                                                                                        ;
+---------------------------------------------------+----------------------------------------------------------------------+---------------+-------------+----------------+
; Assignment Name                                   ; Value                                                                ; Default Value ; Entity Name ; Section Id     ;
+---------------------------------------------------+----------------------------------------------------------------------+---------------+-------------+----------------+
; COMPILER_SIGNATURE_ID                             ; 128437426062801.140605270829908                                      ; --            ; --          ; --             ;
; EDA_GENERATE_GATE_LEVEL_SIMULATION_COMMAND_SCRIPT ; On                                                                   ; --            ; --          ; eda_simulation ;
; EDA_GENERATE_RTL_SIMULATION_COMMAND_SCRIPT        ; On                                                                   ; --            ; --          ; eda_simulation ;
; EDA_MAINTAIN_DESIGN_HIERARCHY                     ; On                                                                   ; --            ; --          ; eda_simulation ;
; EDA_NATIVELINK_GENERATE_SCRIPT_ONLY               ; On                                                                   ; --            ; --          ; eda_simulation ;
; EDA_OUTPUT_DATA_FORMAT                            ; None                                                                 ; --            ; --          ; eda_simulation ;
; EDA_TIME_SCALE                                    ; 1 ps                                                                 ; --            ; --          ; eda_simulation ;
; IP_TOOL_NAME                                      ; ALTPLL                                                               ; --            ; --          ; --             ;
; IP_TOOL_NAME                                      ; ALTPLL                                                               ; --            ; --          ; --             ;
; IP_TOOL_NAME                                      ; ALTPLL                                                               ; --            ; --          ; --             ;
; IP_TOOL_VERSION                                   ; 11.1                                                                 ; --            ; --          ; --             ;
; IP_TOOL_VERSION                                   ; 11.1                                                                 ; --            ; --          ; --             ;
; IP_TOOL_VERSION                                   ; 11.1                                                                 ; --            ; --          ; --             ;
; MAX_CORE_JUNCTION_TEMP                            ; 85                                                                   ; --            ; --          ; --             ;
; MIN_CORE_JUNCTION_TEMP                            ; 0                                                                    ; --            ; --          ; --             ;
; MISC_FILE                                         ; dlx_de2_115.dpf                                                      ; --            ; --          ; --             ;
; MISC_FILE                                         ; /proj/hercules/work/linton/dlx/udlx-verilog/fpga/syn/dlx_de2_115.dpf ; --            ; --          ; --             ;
; MISC_FILE                                         ; clk_40_inst.vhd                                                      ; --            ; --          ; --             ;
; MISC_FILE                                         ; clk_40.cmp                                                           ; --            ; --          ; --             ;
; MISC_FILE                                         ; clk_40.ppf                                                           ; --            ; --          ; --             ;
; MISC_FILE                                         ; clk_1mhz.cmp                                                         ; --            ; --          ; --             ;
; MISC_FILE                                         ; clk_1mhz.ppf                                                         ; --            ; --          ; --             ;
; MISC_FILE                                         ; clk_10mhz.cmp                                                        ; --            ; --          ; --             ;
; MISC_FILE                                         ; clk_10mhz.ppf                                                        ; --            ; --          ; --             ;
; NUM_PARALLEL_PROCESSORS                           ; 2                                                                    ; --            ; --          ; --             ;
; OUTPUT_IO_TIMING_FAR_END_VMEAS                    ; Half Signal Swing                                                    ; --            ; --          ; --             ;
; OUTPUT_IO_TIMING_FAR_END_VMEAS                    ; Half Signal Swing                                                    ; --            ; --          ; --             ;
; OUTPUT_IO_TIMING_NEAR_END_VMEAS                   ; Half Vccio                                                           ; --            ; --          ; --             ;
; OUTPUT_IO_TIMING_NEAR_END_VMEAS                   ; Half Vccio                                                           ; --            ; --          ; --             ;
; PARTITION_COLOR                                   ; 16764057                                                             ; --            ; --          ; Top            ;
; PARTITION_FITTER_PRESERVATION_LEVEL               ; PLACEMENT_AND_ROUTING                                                ; --            ; --          ; Top            ;
; PARTITION_NETLIST_TYPE                            ; SOURCE                                                               ; --            ; --          ; Top            ;
; POWER_BOARD_THERMAL_MODEL                         ; None (CONSERVATIVE)                                                  ; --            ; --          ; --             ;
; POWER_PRESET_COOLING_SOLUTION                     ; 23 MM HEAT SINK WITH 200 LFPM AIRFLOW                                ; --            ; --          ; --             ;
; SEARCH_PATH                                       ; ../rtl/                                                              ; --            ; --          ; --             ;
; SEARCH_PATH                                       ; ../../rtl/common                                                     ; --            ; --          ; --             ;
; SMART_RECOMPILE                                   ; On                                                                   ; Off           ; --          ; --             ;
+---------------------------------------------------+----------------------------------------------------------------------+---------------+-------------+----------------+


+-------------------------------------------------------------------------------------------------------------------------------+
; Flow Elapsed Time                                                                                                             ;
+---------------------------+--------------+-------------------------+---------------------+------------------------------------+
; Module Name               ; Elapsed Time ; Average Processors Used ; Peak Virtual Memory ; Total CPU Time (on all processors) ;
+---------------------------+--------------+-------------------------+---------------------+------------------------------------+
; Analysis & Synthesis      ; 00:00:16     ; 1.0                     ; 436 MB              ; 00:00:15                           ;
; Fitter                    ; 00:00:57     ; 1.4                     ; 847 MB              ; 00:01:08                           ;
; Assembler                 ; 00:00:07     ; 1.0                     ; 392 MB              ; 00:00:07                           ;
; TimeQuest Timing Analyzer ; 00:00:10     ; 1.2                     ; 552 MB              ; 00:00:11                           ;
; Total                     ; 00:01:30     ; --                      ; --                  ; 00:01:41                           ;
+---------------------------+--------------+-------------------------+---------------------+------------------------------------+


+----------------------------------------------------------------------------------------------------+
; Flow OS Summary                                                                                    ;
+---------------------------+-------------------------+----------------+------------+----------------+
; Module Name               ; Machine Hostname        ; OS Name        ; OS Version ; Processor type ;
+---------------------------+-------------------------+----------------+------------+----------------+
; Analysis & Synthesis      ; parrudo.lsitecne.org.br ; CentOS release ; 6          ; x86_64         ;
; Fitter                    ; parrudo.lsitecne.org.br ; CentOS release ; 6          ; x86_64         ;
; Assembler                 ; parrudo.lsitecne.org.br ; CentOS release ; 6          ; x86_64         ;
; TimeQuest Timing Analyzer ; parrudo.lsitecne.org.br ; CentOS release ; 6          ; x86_64         ;
+---------------------------+-------------------------+----------------+------------+----------------+


------------
; Flow Log ;
------------
quartus_map --read_settings_files=on --write_settings_files=off dlx_de2_115 -c dlx_de2_115
quartus_fit --read_settings_files=off --write_settings_files=off dlx_de2_115 -c dlx_de2_115
quartus_asm --read_settings_files=off --write_settings_files=off dlx_de2_115 -c dlx_de2_115
quartus_sta dlx_de2_115 -c dlx_de2_115



